
> indian-maternal-pediatric-nutrition-study@1.0.0 dev
> vite --host 127.0.0.1 --port 5173

Port 5173 is in use, trying another one...

  [32m[1mVITE[22m v7.3.3[39m  [2mready in [0m[1m583[22m[2m[0m ms[22m

  [32m➜[39m  [1mLocal[22m:   [36mhttp://127.0.0.1:[1m5174[22m/[39m
[2m12:37:24 pm[22m [36m[1m[vite][22m[39m [90m[2m(client)[22m[39m [32mhmr update [39m[2m/src/components/BorderGlow/BorderGlow.css[22m
[2m1:16:55 pm[22m [36m[1m[vite][22m[39m [90m[2m(client)[22m[39m [32mhmr update [39m[2m/src/components/LightPillar/LightPillar.css[22m
[2m1:16:55 pm[22m [36m[1m[vite][22m[39m [90m[2m(client)[22m[39m [32mhmr update [39m[2m/src/components/LightPillar/LightPillar.jsx, /src/index.css[22m
[2m1:18:02 pm[22m [36m[1m[vite][22m[39m [90m[2m(client)[22m[39m [32mhmr update [39m[2m/src/App.jsx, /src/index.css[22m
[2m1:18:36 pm[22m [36m[1m[vite][22m[39m [90m[2m(client)[22m[39m [32mhmr update [39m[2m/src/components/BorderGlow/BorderGlow.css[22m
[2m1:21:41 pm[22m [36m[1m[vite][22m[39m [90m[2m(client)[22m[39m [32mhmr update [39m[2m/src/App.jsx, /src/index.css[22m
[2m1:23:28 pm[22m [36m[1m[vite][22m[39m [90m[2m(client)[22m[39m [32mhmr update [39m[2m/src/App.jsx, /src/index.css[22m
[2m1:25:39 pm[22m [36m[1m[vite][22m[39m [90m[2m(client)[22m[39m [32mhmr update [39m[2m/src/index.css, /src/components/BorderGlow/BorderGlow.css[22m
[2m1:25:44 pm[22m [36m[1m[vite][22m[39m [90m[2m(client)[22m[39m [32mhmr update [39m[2m/src/App.jsx, /src/index.css[22m
[2m1:27:31 pm[22m [36m[1m[vite][22m[39m [90m[2m(client)[22m[39m [32mhmr update [39m[2m/src/index.css[22m
[2m1:28:18 pm[22m [36m[1m[vite][22m[39m [90m[2m(client)[22m[39m [32mhmr update [39m[2m/src/components/BorderGlow/BorderGlow.jsx, /src/index.css[22m
[2m1:28:30 pm[22m [36m[1m[vite][22m[39m [90m[2m(client)[22m[39m [32mhmr update [39m[2m/src/App.jsx, /src/index.css[22m
[2m1:28:43 pm[22m [36m[1m[vite][22m[39m [90m[2m(client)[22m[39m [32mhmr update [39m[2m/src/App.jsx, /src/index.css[22m
[2m1:28:46 pm[22m [36m[1m[vite][22m[39m [90m[2m(client)[22m[39m [32mhmr update [39m[2m/src/App.jsx, /src/index.css[22m
[2m1:28:49 pm[22m [36m[1m[vite][22m[39m [90m[2m(client)[22m[39m [32mhmr update [39m[2m/src/App.jsx, /src/index.css[22m
[2m1:37:51 pm[22m [36m[1m[vite][22m[39m [90m[2m(client)[22m[39m [32mhmr update [39m[2m/src/App.jsx, /src/index.css[22m
[2m1:42:03 pm[22m [36m[1m[vite][22m[39m [90m[2m(client)[22m[39m [32mhmr update [39m[2m/src/App.jsx, /src/index.css[22m
[2m1:43:05 pm[22m [36m[1m[vite][22m[39m [90m[2m(client)[22m[39m [32mhmr update [39m[2m/src/App.jsx, /src/index.css[22m
[2m1:47:10 pm[22m [36m[1m[vite][22m[39m [90m[2m(client)[22m[39m [32mhmr update [39m[2m/src/App.jsx, /src/index.css[22m
[2m1:47:22 pm[22m [36m[1m[vite][22m[39m [90m[2m(client)[22m[39m [32mhmr update [39m[2m/src/App.jsx, /src/index.css[22m
[2m1:47:28 pm[22m [36m[1m[vite][22m[39m [90m[2m(client)[22m[39m [32mhmr update [39m[2m/src/App.jsx, /src/index.css[22m
[2m2:10:38 pm[22m [36m[1m[vite][22m[39m [90m[2m(client)[22m[39m [32mhmr update [39m[2m/src/App.jsx, /src/index.css[22m
[2m2:12:40 pm[22m [36m[1m[vite][22m[39m [90m[2m(client)[22m[39m [32mhmr update [39m[2m/src/App.jsx, /src/index.css[22m
[2m2:14:25 pm[22m [36m[1m[vite][22m[39m [90m[2m(client)[22m[39m [32mhmr update [39m[2m/src/App.jsx, /src/index.css[22m
[2m2:17:30 pm[22m [36m[1m[vite][22m[39m [90m[2m(client)[22m[39m [32mhmr update [39m[2m/src/App.jsx, /src/index.css[22m
[2m2:18:19 pm[22m [36m[1m[vite][22m[39m [90m[2m(client)[22m[39m [32mhmr update [39m[2m/src/App.jsx, /src/index.css[22m
[2m2:18:50 pm[22m [36m[1m[vite][22m[39m [90m[2m(client)[22m[39m [32mhmr update [39m[2m/src/App.jsx, /src/index.css[22m
[2m2:19:47 pm[22m [36m[1m[vite][22m[39m [90m[2m(client)[22m[39m [32mhmr update [39m[2m/src/App.jsx, /src/index.css[22m
[2m2:21:57 pm[22m [36m[1m[vite][22m[39m [90m[2m(client)[22m[39m [32mhmr update [39m[2m/src/App.jsx, /src/index.css[22m
[2m2:29:50 pm[22m [36m[1m[vite][22m[39m [90m[2m(client)[22m[39m [32mhmr update [39m[2m/src/App.jsx, /src/index.css[22m
[2m2:30:12 pm[22m [36m[1m[vite][22m[39m [90m[2m(client)[22m[39m [32mhmr update [39m[2m/src/App.jsx, /src/index.css[22m
[2m2:30:38 pm[22m [36m[1m[vite][22m[39m [90m[2m(client)[22m[39m [32mhmr update [39m[2m/src/App.jsx, /src/index.css[22m
[2m2:31:20 pm[22m [36m[1m[vite][22m[39m [90m[2m(client)[22m[39m [32mhmr update [39m[2m/src/App.jsx, /src/index.css[22m
[2m2:31:26 pm[22m [36m[1m[vite][22m[39m [90m[2m(client)[22m[39m [32mhmr update [39m[2m/src/App.jsx, /src/index.css[22m
[2m2:31:40 pm[22m [36m[1m[vite][22m[39m [90m[2m(client)[22m[39m [32mhmr update [39m[2m/src/index.css, /src/components/BorderGlow/BorderGlow.css[22m
[2m2:36:13 pm[22m [36m[1m[vite][22m[39m [90m[2m(client)[22m[39m [32mhmr update [39m[2m/src/App.jsx, /src/index.css[22m
[2m2:37:02 pm[22m [36m[1m[vite][22m[39m [90m[2m(client)[22m[39m [32mhmr update [39m[2m/src/App.jsx, /src/index.css[22m
[2m2:40:05 pm[22m [36m[1m[vite][22m[39m [90m[2m(client)[22m[39m [32mhmr update [39m[2m/src/App.jsx, /src/index.css[22m
[2m2:42:39 pm[22m [36m[1m[vite][22m[39m [90m[2m(client)[22m[39m [32mhmr update [39m[2m/src/App.jsx, /src/index.css[22m
[2m2:43:32 pm[22m [36m[1m[vite][22m[39m [90m[2m(client)[22m[39m [32mhmr update [39m[2m/src/App.jsx, /src/index.css[22m
[2m2:44:08 pm[22m [36m[1m[vite][22m[39m [90m[2m(client)[22m[39m [32mhmr update [39m[2m/src/App.jsx, /src/index.css[22m
[2m2:46:15 pm[22m [36m[1m[vite][22m[39m [90m[2m(client)[22m[39m [32mhmr update [39m[2m/src/App.jsx, /src/index.css[22m
[2m3:19:11 pm[22m [36m[1m[vite][22m[39m [90m[2m(client)[22m[39m [32mhmr update [39m[2m/src/App.jsx, /src/index.css[22m
[2m3:24:44 pm[22m [36m[1m[vite][22m[39m [90m[2m(client)[22m[39m [32mhmr update [39m[2m/src/App.jsx, /src/index.css[22m
[2m3:24:50 pm[22m [36m[1m[vite][22m[39m [90m[2m(client)[22m[39m [32mhmr update [39m[2m/src/App.jsx, /src/index.css[22m
[2m3:26:44 pm[22m [36m[1m[vite][22m[39m [90m[2m(client)[22m[39m [32mhmr update [39m[2m/src/App.jsx, /src/index.css[22m
[2m3:47:08 pm[22m [36m[1m[vite][22m[39m [90m[2m(client)[22m[39m [32mhmr update [39m[2m/src/index.css, /src/components/BorderGlow/BorderGlow.css[22m
[2m3:47:18 pm[22m [36m[1m[vite][22m[39m [90m[2m(client)[22m[39m [32mhmr update [39m[2m/src/index.css[22m
[2m3:47:33 pm[22m [36m[1m[vite][22m[39m [90m[2m(client)[22m[39m [32mhmr update [39m[2m/src/components/BorderGlow/BorderGlow.jsx, /src/index.css[22m
[2m3:47:50 pm[22m [36m[1m[vite][22m[39m [90m[2m(client)[22m[39m [32mhmr update [39m[2m/src/components/BorderGlow/BorderGlow.css[22m
[2m3:48:01 pm[22m [36m[1m[vite][22m[39m [90m[2m(client)[22m[39m [32mhmr update [39m[2m/src/App.jsx, /src/index.css[22m
[2m3:48:09 pm[22m [36m[1m[vite][22m[39m [90m[2m(client)[22m[39m [32mhmr update [39m[2m/src/App.jsx, /src/index.css[22m
[2m3:48:19 pm[22m [36m[1m[vite][22m[39m [90m[2m(client)[22m[39m [32m✨ new dependencies optimized: [33mogl[32m[39m
[2m3:48:19 pm[22m [36m[1m[vite][22m[39m [90m[2m(client)[22m[39m [32m✨ optimized dependencies changed. reloading[39m
[2m3:48:39 pm[22m [36m[1m[vite][22m[39m [90m[2m(client)[22m[39m [32mhmr update [39m[2m/src/App.jsx, /src/index.css[22m
[2m3:48:53 pm[22m [36m[1m[vite][22m[39m [90m[2m(client)[22m[39m [32mhmr update [39m[2m/src/App.jsx, /src/index.css[22m
[2m3:49:18 pm[22m [36m[1m[vite][22m[39m [90m[2m(client)[22m[39m [32mhmr update [39m[2m/src/App.jsx, /src/index.css[22m
[2m3:49:28 pm[22m [36m[1m[vite][22m[39m [90m[2m(client)[22m[39m [32mhmr update [39m[2m/src/App.jsx, /src/index.css[22m
[2m3:59:02 pm[22m [36m[1m[vite][22m[39m [90m[2m(client)[22m[39m [32mhmr update [39m[2m/src/index.css, /src/components/PrismaticBurst/PrismaticBurst.jsx[22m
[2m3:59:02 pm[22m [36m[1m[vite][22m[39m [90m[2m(client)[22m[39m [32mhmr update [39m[2m/src/components/PrismaticBurst/PrismaticBurst.css[22m
[2m4:01:36 pm[22m [36m[1m[vite][22m[39m [90m[2m(client)[22m[39m [32mhmr update [39m[2m/src/index.css, /src/components/BorderGlow/BorderGlow.css[22m
[2m4:01:46 pm[22m [36m[1m[vite][22m[39m [90m[2m(client)[22m[39m [32mhmr update [39m[2m/src/index.css[22m
[2m4:02:45 pm[22m [36m[1m[vite][22m[39m [90m[2m(client)[22m[39m [32mhmr update [39m[2m/src/components/BorderGlow/BorderGlow.jsx, /src/index.css[22m
[2m4:03:14 pm[22m [36m[1m[vite][22m[39m [90m[2m(client)[22m[39m [32mhmr update [39m[2m/src/components/BorderGlow/BorderGlow.css[22m
[2m4:03:28 pm[22m [36m[1m[vite][22m[39m [90m[2m(client)[22m[39m [32mhmr update [39m[2m/src/App.jsx, /src/index.css[22m
[2m4:03:34 pm[22m [36m[1m[vite][22m[39m [90m[2m(client)[22m[39m [32mhmr update [39m[2m/src/App.jsx, /src/index.css[22m
[2m4:05:06 pm[22m [36m[1m[vite][22m[39m [90m[2m(client)[22m[39m [32mhmr update [39m[2m/src/App.jsx, /src/index.css[22m
[2m6:42:51 pm[22m [36m[1m[vite][22m[39m [90m[2m(client)[22m[39m [32mhmr update [39m[2m/src/App.jsx, /src/index.css[22m
[2m6:43:11 pm[22m [36m[1m[vite][22m[39m [90m[2m(client)[22m[39m [32mhmr update [39m[2m/src/App.jsx, /src/index.css[22m
[2m6:50:11 pm[22m [36m[1m[vite][22m[39m [90m[2m(client)[22m[39m [32mhmr update [39m[2m/src/App.jsx, /src/index.css[22m
[2m6:50:28 pm[22m [36m[1m[vite][22m[39m [90m[2m(client)[22m[39m [32mhmr update [39m[2m/src/App.jsx, /src/index.css[22m
